\BOOKMARK [1][-]{section.1}{\376\377\173\054\116\000\172\340\377\032\145\160\133\146\213\355\212\000\116\016\217\336\176\355\116\313\215\050\127\372\170\100}{}% 1
\BOOKMARK [2][-]{subsection.1.1}{\376\377\143\007\150\007\213\260\123\367\116\016\137\040\221\317\122\006\147\220}{section.1}% 2
\BOOKMARK [2][-]{subsection.1.2}{\376\377\232\330\145\257\145\143\136\246\133\232\164\006}{section.1}% 3
\BOOKMARK [2][-]{subsection.1.3}{\376\377\122\006\220\350\171\357\122\006\121\154\137\017}{section.1}% 4
\BOOKMARK [1][-]{section.2}{\376\377\173\054\116\214\172\340\377\032\122\240\147\103\117\131\221\317\154\325\116\016\000\040\000G\000a\000l\000e\000r\000k\000i\000n\000\040\140\035\140\363}{}% 5
\BOOKMARK [2][-]{subsection.2.1}{\376\377\137\072\137\142\137\017\116\016\153\213\135\356}{section.2}% 6
\BOOKMARK [2][-]{subsection.2.2}{\376\377\122\240\147\103\171\357\122\006\116\016\134\100\220\350\145\057\226\306}{section.2}% 7
\BOOKMARK [2][-]{subsection.2.3}{\376\377\000G\000a\000l\000e\000r\000k\000i\000n\000\040\145\271\154\325}{section.2}% 8
\BOOKMARK [1][-]{section.3}{\376\377\173\054\116\011\172\340\377\032\123\330\122\006\154\325\060\001\206\132\122\237\123\237\164\006\116\016\200\375\221\317\211\302\160\271}{}% 9
\BOOKMARK [2][-]{subsection.3.1}{\376\377\123\330\122\006\173\227\133\120\116\016\154\333\121\375\147\201\120\074}{section.3}% 10
\BOOKMARK [2][-]{subsection.3.2}{\376\377\147\000\134\017\122\277\200\375\123\237\164\006\000\040\000\050\000P\000r\000i\000n\000c\000i\000p\000l\000e\000\040\000o\000f\000\040\000M\000i\000n\000i\000m\000u\000m\000\040\000P\000o\000t\000e\000n\000t\000i\000a\000l\000\040\000E\000n\000e\000r\000g\000y\000\051}{section.3}% 11
\BOOKMARK [2][-]{subsection.3.3}{\376\377\206\132\122\237\123\237\164\006}{section.3}% 12
\BOOKMARK [2][-]{subsection.3.4}{\376\377\122\240\147\103\117\131\221\317\154\325\116\016\206\132\122\237\123\237\164\006\166\204\176\337\116\000}{section.3}% 13
\BOOKMARK [1][-]{section.4}{\376\377\173\054\126\333\172\340\377\032\121\375\145\160\172\172\225\364\060\001\137\061\137\142\137\017\116\016\217\336\176\355\140\047\211\201\154\102}{}% 14
\BOOKMARK [2][-]{subsection.4.1}{\376\377\000S\000o\000b\000o\000l\000e\000v\000\040\172\172\225\364\116\016\137\061\133\374\145\160}{section.4}% 15
\BOOKMARK [2][-]{subsection.4.2}{\376\377\137\061\137\142\137\017\166\204\121\375\145\160\172\172\225\364\150\106\147\266}{section.4}% 16
\BOOKMARK [2][-]{subsection.4.3}{\376\377\217\336\176\355\140\047\211\201\154\102\116\016\000\040\000C\0000\000/\000C\0001\000\040\123\125\121\103}{section.4}% 17
\BOOKMARK [1][-]{section.5}{\376\377\173\054\116\224\172\340\377\032\147\011\226\120\121\103\171\273\145\143\123\026\116\016\145\160\120\074\133\236\163\260\127\372\170\100}{}% 18
\BOOKMARK [2][-]{subsection.5.1}{\376\377\123\302\200\003\123\125\121\103\116\016\173\111\123\302\146\040\134\004}{section.5}% 19
\BOOKMARK [2][-]{subsection.5.2}{\376\377\123\125\121\103\122\032\136\246\167\351\226\065\116\016\217\175\203\167\124\021\221\317}{section.5}% 20
\BOOKMARK [2][-]{subsection.5.3}{\376\377\232\330\145\257\171\357\122\006}{section.5}% 21
\BOOKMARK [2][-]{subsection.5.4}{\376\377\140\073\117\123\176\304\210\305\116\016\172\000\165\217\176\323\147\204}{section.5}% 22
\BOOKMARK [2][-]{subsection.5.5}{\376\377\217\271\165\114\147\141\116\366\166\204\171\273\145\143\131\004\164\006}{section.5}% 23
\BOOKMARK [2][-]{subsection.5.6}{\376\377\225\355\225\001\116\016\145\160\120\074\165\305\140\001}{section.5}% 24
\BOOKMARK [1][-]{section.6}{\376\377\173\054\121\155\172\340\377\032\145\066\145\133\140\047\060\001\172\063\133\232\140\047\116\016\213\357\135\356\122\006\147\220}{}% 25
\BOOKMARK [2][-]{subsection.6.1}{\376\377\000L\000a\000x\000-\000M\000i\000l\000g\000r\000a\000m\000\040\133\232\164\006}{section.6}% 26
\BOOKMARK [2][-]{subsection.6.2}{\376\377\121\110\232\214\213\357\135\356\117\060\213\241}{section.6}% 27
\BOOKMARK [2][-]{subsection.6.3}{\376\377\000L\000B\000B\000\040\147\141\116\366}{section.6}% 28
\BOOKMARK [1][-]{section.7}{\376\377\173\054\116\003\172\340\377\032\133\214\145\164\133\236\142\030\377\010\116\000\377\011\040\024\040\024\000\040\154\312\147\176\145\271\172\013}{}% 29
\BOOKMARK [2][-]{subsection.7.1}{\376\377\225\356\230\230\133\232\116\111\116\016\217\271\165\114\147\141\116\366}{section.7}% 30
\BOOKMARK [2][-]{subsection.7.2}{\376\377\137\061\137\142\137\017\147\204\220\040}{section.7}% 31
\BOOKMARK [2][-]{subsection.7.3}{\376\377\000G\000a\000l\000e\000r\000k\000i\000n\000\040\171\273\145\143}{section.7}% 32
\BOOKMARK [2][-]{subsection.7.4}{\376\377\167\351\226\065\174\373\176\337\176\304\210\305}{section.7}% 33
\BOOKMARK [1][-]{section.8}{\376\377\173\054\121\153\172\340\377\032\133\214\145\164\133\236\142\030\377\010\116\214\377\011\040\024\040\024\000\040\153\047\142\311\000-\117\057\122\252\122\051\150\201}{}% 34
\BOOKMARK [2][-]{subsection.8.1}{\376\377\225\356\230\230\133\232\116\111\116\016\217\271\165\114\147\141\116\366}{section.8}% 35
\BOOKMARK [2][-]{subsection.8.2}{\376\377\122\240\147\103\117\131\221\317\145\271\172\013}{section.8}% 36
\BOOKMARK [2][-]{subsection.8.3}{\376\377\173\054\116\000\153\041\122\006\220\350\171\357\122\006}{section.8}% 37
\BOOKMARK [2][-]{subsection.8.4}{\376\377\173\054\116\214\153\041\122\006\220\350\171\357\122\006}{section.8}% 38
\BOOKMARK [2][-]{subsection.8.5}{\376\377\137\061\137\142\137\017\116\016\201\352\161\066\217\271\165\114\147\141\116\366}{section.8}% 39
\BOOKMARK [2][-]{subsection.8.6}{\376\377\217\336\176\355\140\047\211\201\154\102\116\016\000\040\000C\0001\000\040\147\141\116\366}{section.8}% 40
\BOOKMARK [2][-]{subsection.8.7}{\376\377\000H\000e\000r\000m\000i\000t\000e\000\040\150\201\123\125\121\103\143\322\120\074}{section.8}% 41
\BOOKMARK [2][-]{subsection.8.8}{\376\377\146\362\163\207\167\351\226\065\147\204\220\040}{section.8}% 42
\BOOKMARK [2][-]{subsection.8.9}{\376\377\123\125\121\103\122\032\136\246\167\351\226\065}{section.8}% 43
\BOOKMARK [2][-]{subsection.8.10}{\376\377\116\000\201\364\217\175\203\167\124\021\221\317}{section.8}% 44
\BOOKMARK [2][-]{subsection.8.11}{\376\377\121\150\134\100\176\304\210\305\116\016\217\271\165\114\147\141\116\366}{section.8}% 45
\BOOKMARK [2][-]{subsection.8.12}{\376\377\140\254\201\302\150\201\173\227\117\213}{section.8}% 46
\BOOKMARK [2][-]{subsection.8.13}{\376\377\137\057\167\351\116\016\122\152\122\233\124\016\131\004\164\006}{section.8}% 47
\BOOKMARK [2][-]{subsection.8.14}{\376\377\116\016\122\115\145\207\166\204\176\337\116\000\211\306\211\322}{section.8}% 48
\BOOKMARK [1][-]{section.9}{\376\377\173\054\116\135\172\340\377\032\133\214\145\164\133\236\142\030\377\010\116\011\377\011\040\024\040\024\000\040\000K\000i\000r\000c\000h\000h\000o\000f\000f\000\040\205\204\147\177}{}% 49
\BOOKMARK [2][-]{subsection.9.1}{\376\377\000K\000i\000r\000c\000h\000h\000o\000f\000f\000\040\120\107\213\276}{section.9}% 50
\BOOKMARK [2][-]{subsection.9.2}{\376\377\146\362\163\207\060\001\137\057\167\351\116\016\122\152\122\233}{section.9}% 51
\BOOKMARK [2][-]{subsection.9.3}{\376\377\137\072\137\142\137\017\136\163\210\141\145\271\172\013}{section.9}% 52
\BOOKMARK [2][-]{subsection.9.4}{\376\377\217\271\165\114\221\317\116\016\217\271\165\114\147\141\116\366}{section.9}% 53
\BOOKMARK [2][-]{subsection.9.5}{\376\377\137\061\137\142\137\017\147\204\220\040}{section.9}% 54
\BOOKMARK [2][-]{subsection.9.6}{\376\377\217\336\176\355\140\047\211\201\154\102\116\016\000\040\000C\0001\000\040\147\141\116\366}{section.9}% 55
\BOOKMARK [2][-]{subsection.9.7}{\376\377\123\125\121\103\147\204\220\040\226\276\160\271}{section.9}% 56
\BOOKMARK [2][-]{subsection.9.8}{\376\377\220\032\165\050\171\273\145\143\137\142\137\017\116\016\147\177\137\057\146\362\167\351\226\065}{section.9}% 57
\BOOKMARK [2][-]{subsection.9.9}{\376\377\123\125\121\103\122\032\136\246\167\351\226\065}{section.9}% 58
\BOOKMARK [2][-]{subsection.9.10}{\376\377\123\125\121\103\217\175\203\167\124\021\221\317}{section.9}% 59
\BOOKMARK [2][-]{subsection.9.11}{\376\377\123\302\200\003\123\125\121\103\060\001\145\160\120\074\171\357\122\006\116\016\133\236\163\260}{section.9}% 60
\BOOKMARK [2][-]{subsection.9.12}{\376\377\121\150\134\100\176\304\210\305\116\016\217\271\165\114\147\141\116\366}{section.9}% 61
\BOOKMARK [2][-]{subsection.9.13}{\376\377\146\362\163\207\060\001\137\057\167\351\116\016\122\152\122\233\124\016\131\004\164\006}{section.9}% 62
\BOOKMARK [2][-]{subsection.9.14}{\376\377\150\007\121\306\173\227\117\213\135\345\117\134\155\101}{section.9}% 63
\BOOKMARK [2][-]{subsection.9.15}{\376\377\116\016\122\115\145\207\166\204\176\337\116\000\211\306\211\322}{section.9}% 64
\BOOKMARK [1][-]{section.10}{\376\377\173\054\123\101\172\340\377\032\176\323\213\355}{}% 65
